[2019-11-06 09:35:52.427] [INFO ] [main] org.springframework.boot.test.context.SpringBootTestContextBootstrapper.buildDefaultMergedContextConfiguration:308 Neither @ContextConfiguration nor @ContextHierarchy found for test class [com.shier.common.boot.jpa.user.UserTest], using SpringBootContextLoader
[2019-11-06 09:35:52.432] [INFO ] [main] org.springframework.test.context.support.AbstractContextLoader.generateDefaultLocations:264 Could not detect default resource locations for test class [com.shier.common.boot.jpa.user.UserTest]: no resource found for suffixes {-context.xml, Context.groovy}.
[2019-11-06 09:35:52.433] [INFO ] [main] org.springframework.test.context.support.AnnotationConfigContextLoaderUtils.detectDefaultConfigurationClasses:83 Could not detect default configuration classes for test class [com.shier.common.boot.jpa.user.UserTest]: UserTest does not declare any static, non-private, non-final, nested classes annotated with @Configuration.
[2019-11-06 09:35:52.558] [INFO ] [main] org.springframework.boot.test.context.SpringBootTestContextBootstrapper.getOrFindConfigurationClasses:235 Found @SpringBootConfiguration com.shier.common.boot.jpa.JpaApplication for test class com.shier.common.boot.jpa.user.UserTest
[2019-11-06 09:35:52.684] [INFO ] [main] org.springframework.boot.test.context.SpringBootTestContextBootstrapper.getDefaultTestExecutionListenerClassNames:248 Loaded default TestExecutionListener class names from location [META-INF/spring.factories]: [org.springframework.boot.test.mock.mockito.MockitoTestExecutionListener, org.springframework.boot.test.mock.mockito.ResetMocksTestExecutionListener, org.springframework.boot.test.autoconfigure.restdocs.RestDocsTestExecutionListener, org.springframework.boot.test.autoconfigure.web.client.MockRestServiceServerResetTestExecutionListener, org.springframework.boot.test.autoconfigure.web.servlet.MockMvcPrintOnlyOnFailureTestExecutionListener, org.springframework.boot.test.autoconfigure.web.servlet.WebDriverTestExecutionListener, org.springframework.test.context.web.ServletTestExecutionListener, org.springframework.test.context.support.DirtiesContextBeforeModesTestExecutionListener, org.springframework.test.context.support.DependencyInjectionTestExecutionListener, org.springframework.test.context.support.DirtiesContextTestExecutionListener, org.springframework.test.context.transaction.TransactionalTestExecutionListener, org.springframework.test.context.jdbc.SqlScriptsTestExecutionListener]
[2019-11-06 09:35:52.700] [INFO ] [main] org.springframework.boot.test.context.SpringBootTestContextBootstrapper.getTestExecutionListeners:177 Using TestExecutionListeners: [org.springframework.test.context.web.ServletTestExecutionListener@2b48a640, org.springframework.test.context.support.DirtiesContextBeforeModesTestExecutionListener@1e683a3e, org.springframework.boot.test.mock.mockito.MockitoTestExecutionListener@2053d869, org.springframework.boot.test.autoconfigure.SpringBootDependencyInjectionTestExecutionListener@7a419da4, org.springframework.test.context.support.DirtiesContextTestExecutionListener@14555e0a, org.springframework.test.context.transaction.TransactionalTestExecutionListener@4bb33f74, org.springframework.test.context.jdbc.SqlScriptsTestExecutionListener@759d26fb, org.springframework.boot.test.mock.mockito.ResetMocksTestExecutionListener@3c73951, org.springframework.boot.test.autoconfigure.restdocs.RestDocsTestExecutionListener@3d5c822d, org.springframework.boot.test.autoconfigure.web.client.MockRestServiceServerResetTestExecutionListener@6f46426d, org.springframework.boot.test.autoconfigure.web.servlet.MockMvcPrintOnlyOnFailureTestExecutionListener@73700b80, org.springframework.boot.test.autoconfigure.web.servlet.WebDriverTestExecutionListener@49c7b90e]
[2019-11-06 09:36:02.925] [ERROR] [main] org.springframework.boot.context.logging.LoggingApplicationListener.setLogLevel:358 Cannot set level 'DEBUG,CONSOLE' for 'org.springframework.web'
[2019-11-06 09:36:13.037] [INFO ] [main] com.shier.common.boot.jpa.user.UserTest.logStarting:50 Starting UserTest on qinmeideMBP with PID 12870 (started by qinmei in /Users/qinmei/idea-workspace/daily/jpa)
[2019-11-06 09:36:13.038] [INFO ] [main] com.shier.common.boot.jpa.user.UserTest.logStartupProfileInfo:646 No active profile set, falling back to default profiles: default
[2019-11-06 09:36:14.102] [INFO ] [main] org.springframework.data.repository.config.RepositoryConfigurationDelegate.registerRepositoriesIn:126 Bootstrapping Spring Data repositories in DEFAULT mode.
[2019-11-06 09:36:14.218] [INFO ] [main] org.springframework.data.repository.config.RepositoryConfigurationDelegate.registerRepositoriesIn:182 Finished Spring Data repository scanning in 105ms. Found 2 repository interfaces.
[2019-11-06 09:36:14.622] [INFO ] [main] com.ulisesbocchio.jasyptspringboot.configuration.EnableEncryptablePropertiesBeanFactoryPostProcessor.postProcessBeanFactory:50 Post-processing PropertySource instances
[2019-11-06 09:36:14.712] [INFO ] [main] com.ulisesbocchio.jasyptspringboot.EncryptablePropertySourceConverter.makeEncryptable:38 Converting PropertySource configurationProperties [org.springframework.boot.context.properties.source.ConfigurationPropertySourcesPropertySource] to AOP Proxy
[2019-11-06 09:36:14.712] [INFO ] [main] com.ulisesbocchio.jasyptspringboot.EncryptablePropertySourceConverter.makeEncryptable:38 Converting PropertySource Inlined Test Properties [org.springframework.core.env.MapPropertySource] to EncryptableMapPropertySourceWrapper
[2019-11-06 09:36:14.713] [INFO ] [main] com.ulisesbocchio.jasyptspringboot.EncryptablePropertySourceConverter.makeEncryptable:38 Converting PropertySource systemProperties [org.springframework.core.env.PropertiesPropertySource] to EncryptableMapPropertySourceWrapper
[2019-11-06 09:36:14.713] [INFO ] [main] com.ulisesbocchio.jasyptspringboot.EncryptablePropertySourceConverter.makeEncryptable:38 Converting PropertySource systemEnvironment [org.springframework.boot.env.SystemEnvironmentPropertySourceEnvironmentPostProcessor$OriginAwareSystemEnvironmentPropertySource] to EncryptableMapPropertySourceWrapper
[2019-11-06 09:36:14.713] [INFO ] [main] com.ulisesbocchio.jasyptspringboot.EncryptablePropertySourceConverter.makeEncryptable:38 Converting PropertySource random [org.springframework.boot.env.RandomValuePropertySource] to EncryptablePropertySourceWrapper
[2019-11-06 09:36:14.714] [INFO ] [main] com.ulisesbocchio.jasyptspringboot.EncryptablePropertySourceConverter.makeEncryptable:38 Converting PropertySource applicationConfig: [classpath:/application.properties] [org.springframework.boot.env.OriginTrackedMapPropertySource] to EncryptableMapPropertySourceWrapper
[2019-11-06 09:36:14.799] [INFO ] [main] com.ulisesbocchio.jasyptspringboot.filter.DefaultLazyPropertyFilter.lambda$null$2:31 Property Filter custom Bean not found with name 'encryptablePropertyFilter'. Initializing Default Property Filter
[2019-11-06 09:36:14.921] [INFO ] [main] org.springframework.context.support.PostProcessorRegistrationDelegate$BeanPostProcessorChecker.postProcessAfterInitialization:330 Bean 'org.springframework.transaction.annotation.ProxyTransactionManagementConfiguration' of type [org.springframework.transaction.annotation.ProxyTransactionManagementConfiguration$$EnhancerBySpringCGLIB$$76004c74] is not eligible for getting processed by all BeanPostProcessors (for example: not eligible for auto-proxying)
[2019-11-06 09:36:15.348] [INFO ] [main] com.ulisesbocchio.jasyptspringboot.resolver.DefaultLazyPropertyResolver.lambda$null$2:31 Property Resolver custom Bean not found with name 'encryptablePropertyResolver'. Initializing Default Property Resolver
[2019-11-06 09:36:15.351] [INFO ] [main] com.ulisesbocchio.jasyptspringboot.detector.DefaultLazyPropertyDetector.lambda$null$2:30 Property Detector custom Bean not found with name 'encryptablePropertyDetector'. Initializing Default Property Detector
[2019-11-06 09:36:15.353] [INFO ] [main] com.ulisesbocchio.jasyptspringboot.encryptor.DefaultLazyEncryptor.lambda$null$2:32 String Encryptor custom Bean not found with name 'jasyptStringEncryptor'. Initializing Default String Encryptor
[2019-11-06 09:36:15.368] [INFO ] [main] com.ulisesbocchio.jasyptspringboot.encryptor.DefaultLazyEncryptor.getProperty:58 Encryptor config not found for property jasypt.encryptor.algorithm, using default value: PBEWithMD5AndDES
[2019-11-06 09:36:15.368] [INFO ] [main] com.ulisesbocchio.jasyptspringboot.encryptor.DefaultLazyEncryptor.getProperty:58 Encryptor config not found for property jasypt.encryptor.keyObtentionIterations, using default value: 1000
[2019-11-06 09:36:15.369] [INFO ] [main] com.ulisesbocchio.jasyptspringboot.encryptor.DefaultLazyEncryptor.getProperty:58 Encryptor config not found for property jasypt.encryptor.poolSize, using default value: 1
[2019-11-06 09:36:15.369] [INFO ] [main] com.ulisesbocchio.jasyptspringboot.encryptor.DefaultLazyEncryptor.getProperty:58 Encryptor config not found for property jasypt.encryptor.providerName, using default value: null
[2019-11-06 09:36:15.369] [INFO ] [main] com.ulisesbocchio.jasyptspringboot.encryptor.DefaultLazyEncryptor.getProperty:58 Encryptor config not found for property jasypt.encryptor.providerClassName, using default value: null
[2019-11-06 09:36:15.370] [INFO ] [main] com.ulisesbocchio.jasyptspringboot.encryptor.DefaultLazyEncryptor.getProperty:58 Encryptor config not found for property jasypt.encryptor.saltGeneratorClassname, using default value: org.jasypt.salt.RandomSaltGenerator
[2019-11-06 09:36:15.382] [INFO ] [main] com.ulisesbocchio.jasyptspringboot.encryptor.DefaultLazyEncryptor.getProperty:58 Encryptor config not found for property jasypt.encryptor.stringOutputType, using default value: base64
[2019-11-06 09:36:15.682] [INFO ] [main] com.zaxxer.hikari.HikariDataSource.getConnection:110 HikariPool-1 - Starting...
[2019-11-06 09:36:15.972] [INFO ] [main] com.zaxxer.hikari.HikariDataSource.getConnection:123 HikariPool-1 - Start completed.
[2019-11-06 09:36:16.066] [INFO ] [main] org.hibernate.jpa.internal.util.LogHelper.logPersistenceUnitInformation:31 HHH000204: Processing PersistenceUnitInfo [
	name: default
	...]
[2019-11-06 09:36:16.201] [INFO ] [main] org.hibernate.Version.logVersion:46 HHH000412: Hibernate Core {5.3.10.Final}
[2019-11-06 09:36:16.204] [INFO ] [main] org.hibernate.cfg.Environment.<clinit>:213 HHH000206: hibernate.properties not found
[2019-11-06 09:36:16.507] [INFO ] [main] org.hibernate.annotations.common.Version.<clinit>:49 HCANN000001: Hibernate Commons Annotations {5.0.4.Final}
[2019-11-06 09:36:16.832] [INFO ] [main] org.hibernate.dialect.Dialect.<init>:157 HHH000400: Using dialect: org.hibernate.dialect.MySQL5InnoDBDialect
[2019-11-06 09:36:17.841] [INFO ] [main] org.springframework.orm.jpa.LocalContainerEntityManagerFactoryBean.buildNativeEntityManagerFactory:415 Initialized JPA EntityManagerFactory for persistence unit 'default'
[2019-11-06 09:36:18.461] [INFO ] [main] org.hibernate.hql.internal.QueryTranslatorFactoryInitiator.initiateService:47 HHH000397: Using ASTQueryTranslatorFactory
[2019-11-06 09:36:19.256] [WARN ] [main] org.springframework.boot.autoconfigure.orm.jpa.JpaBaseConfiguration$JpaWebConfiguration$JpaWebMvcConfiguration.openEntityManagerInViewInterceptor:225 spring.jpa.open-in-view is enabled by default. Therefore, database queries may be performed during view rendering. Explicitly configure spring.jpa.open-in-view to disable this warning
[2019-11-06 09:36:19.544] [INFO ] [main] springfox.documentation.spring.web.PropertySourcedRequestMappingHandlerMapping.initHandlerMethods:69 Mapped URL path [/v2/api-docs] onto method [public org.springframework.http.ResponseEntity<springfox.documentation.spring.web.json.Json> springfox.documentation.swagger2.web.Swagger2Controller.getDocumentation(java.lang.String,javax.servlet.http.HttpServletRequest)]
[2019-11-06 09:36:20.305] [INFO ] [main] org.springframework.scheduling.concurrent.ThreadPoolTaskExecutor.initialize:171 Initializing ExecutorService 'applicationTaskExecutor'
[2019-11-06 09:36:20.684] [INFO ] [main] org.springframework.scheduling.concurrent.ThreadPoolTaskScheduler.initialize:171 Initializing ExecutorService 'taskScheduler'
[2019-11-06 09:36:20.752] [INFO ] [main] springfox.documentation.spring.web.plugins.DocumentationPluginsBootstrapper.start:160 Context refreshed
[2019-11-06 09:36:20.793] [INFO ] [main] springfox.documentation.spring.web.plugins.DocumentationPluginsBootstrapper.start:163 Found 1 custom documentation plugin(s)
[2019-11-06 09:36:20.836] [INFO ] [main] springfox.documentation.spring.web.scanners.ApiListingReferenceScanner.scan:41 Scanning for api listing references
[2019-11-06 09:36:21.053] [INFO ] [scheduling-1] com.shier.common.boot.jpa.schedule.SignSchedule.reportCurrentTime:42 每隔小时执行一次,当前时间为time:2019-11-06 09:36:21
[2019-11-06 09:36:21.056] [INFO ] [main] com.shier.common.boot.jpa.user.UserTest.logStarted:59 Started UserTest in 28.297 seconds (JVM running for 29.54)
[2019-11-06 09:36:21.173] [INFO ] [Thread-2] org.springframework.scheduling.concurrent.ThreadPoolTaskScheduler.shutdown:208 Shutting down ExecutorService 'taskScheduler'
[2019-11-06 09:36:21.174] [INFO ] [Thread-2] org.springframework.scheduling.concurrent.ThreadPoolTaskExecutor.shutdown:208 Shutting down ExecutorService 'applicationTaskExecutor'
[2019-11-06 09:36:21.175] [INFO ] [Thread-2] org.springframework.orm.jpa.LocalContainerEntityManagerFactoryBean.destroy:597 Closing JPA EntityManagerFactory for persistence unit 'default'
[2019-11-06 09:36:21.178] [INFO ] [Thread-2] com.zaxxer.hikari.HikariDataSource.close:350 HikariPool-1 - Shutdown initiated...
[2019-11-06 09:36:21.183] [INFO ] [Thread-2] com.zaxxer.hikari.HikariDataSource.close:352 HikariPool-1 - Shutdown completed.
[2019-11-06 10:27:32.904] [INFO ] [main] org.springframework.boot.test.context.SpringBootTestContextBootstrapper.buildDefaultMergedContextConfiguration:308 Neither @ContextConfiguration nor @ContextHierarchy found for test class [com.shier.common.boot.jpa.user.UserTest], using SpringBootContextLoader
[2019-11-06 10:27:32.913] [INFO ] [main] org.springframework.test.context.support.AbstractContextLoader.generateDefaultLocations:264 Could not detect default resource locations for test class [com.shier.common.boot.jpa.user.UserTest]: no resource found for suffixes {-context.xml, Context.groovy}.
[2019-11-06 10:27:32.915] [INFO ] [main] org.springframework.test.context.support.AnnotationConfigContextLoaderUtils.detectDefaultConfigurationClasses:83 Could not detect default configuration classes for test class [com.shier.common.boot.jpa.user.UserTest]: UserTest does not declare any static, non-private, non-final, nested classes annotated with @Configuration.
[2019-11-06 10:27:33.103] [INFO ] [main] org.springframework.boot.test.context.SpringBootTestContextBootstrapper.getOrFindConfigurationClasses:235 Found @SpringBootConfiguration com.shier.common.boot.jpa.JpaApplication for test class com.shier.common.boot.jpa.user.UserTest
[2019-11-06 10:27:33.240] [INFO ] [main] org.springframework.boot.test.context.SpringBootTestContextBootstrapper.getDefaultTestExecutionListenerClassNames:248 Loaded default TestExecutionListener class names from location [META-INF/spring.factories]: [org.springframework.boot.test.mock.mockito.MockitoTestExecutionListener, org.springframework.boot.test.mock.mockito.ResetMocksTestExecutionListener, org.springframework.boot.test.autoconfigure.restdocs.RestDocsTestExecutionListener, org.springframework.boot.test.autoconfigure.web.client.MockRestServiceServerResetTestExecutionListener, org.springframework.boot.test.autoconfigure.web.servlet.MockMvcPrintOnlyOnFailureTestExecutionListener, org.springframework.boot.test.autoconfigure.web.servlet.WebDriverTestExecutionListener, org.springframework.test.context.web.ServletTestExecutionListener, org.springframework.test.context.support.DirtiesContextBeforeModesTestExecutionListener, org.springframework.test.context.support.DependencyInjectionTestExecutionListener, org.springframework.test.context.support.DirtiesContextTestExecutionListener, org.springframework.test.context.transaction.TransactionalTestExecutionListener, org.springframework.test.context.jdbc.SqlScriptsTestExecutionListener]
[2019-11-06 10:27:33.263] [INFO ] [main] org.springframework.boot.test.context.SpringBootTestContextBootstrapper.getTestExecutionListeners:177 Using TestExecutionListeners: [org.springframework.test.context.web.ServletTestExecutionListener@2053d869, org.springframework.test.context.support.DirtiesContextBeforeModesTestExecutionListener@7a419da4, org.springframework.boot.test.mock.mockito.MockitoTestExecutionListener@14555e0a, org.springframework.boot.test.autoconfigure.SpringBootDependencyInjectionTestExecutionListener@4bb33f74, org.springframework.test.context.support.DirtiesContextTestExecutionListener@759d26fb, org.springframework.test.context.transaction.TransactionalTestExecutionListener@3c73951, org.springframework.test.context.jdbc.SqlScriptsTestExecutionListener@3d5c822d, org.springframework.boot.test.mock.mockito.ResetMocksTestExecutionListener@6f46426d, org.springframework.boot.test.autoconfigure.restdocs.RestDocsTestExecutionListener@73700b80, org.springframework.boot.test.autoconfigure.web.client.MockRestServiceServerResetTestExecutionListener@49c7b90e, org.springframework.boot.test.autoconfigure.web.servlet.MockMvcPrintOnlyOnFailureTestExecutionListener@10d307f1, org.springframework.boot.test.autoconfigure.web.servlet.WebDriverTestExecutionListener@4d5b6aac]
[2019-11-06 10:27:43.490] [ERROR] [main] org.springframework.boot.context.logging.LoggingApplicationListener.setLogLevel:358 Cannot set level 'DEBUG,CONSOLE' for 'org.springframework.web'
[2019-11-06 10:27:53.618] [INFO ] [main] com.shier.common.boot.jpa.user.UserTest.logStarting:50 Starting UserTest on qinmeideMBP with PID 13428 (started by qinmei in /Users/qinmei/idea-workspace/daily/jpa)
[2019-11-06 10:27:53.619] [INFO ] [main] com.shier.common.boot.jpa.user.UserTest.logStartupProfileInfo:646 No active profile set, falling back to default profiles: default
[2019-11-06 10:27:54.720] [INFO ] [main] org.springframework.data.repository.config.RepositoryConfigurationDelegate.registerRepositoriesIn:126 Bootstrapping Spring Data repositories in DEFAULT mode.
[2019-11-06 10:27:54.825] [INFO ] [main] org.springframework.data.repository.config.RepositoryConfigurationDelegate.registerRepositoriesIn:182 Finished Spring Data repository scanning in 93ms. Found 2 repository interfaces.
[2019-11-06 10:27:55.255] [INFO ] [main] com.ulisesbocchio.jasyptspringboot.configuration.EnableEncryptablePropertiesBeanFactoryPostProcessor.postProcessBeanFactory:50 Post-processing PropertySource instances
[2019-11-06 10:27:55.350] [INFO ] [main] com.ulisesbocchio.jasyptspringboot.EncryptablePropertySourceConverter.makeEncryptable:38 Converting PropertySource configurationProperties [org.springframework.boot.context.properties.source.ConfigurationPropertySourcesPropertySource] to AOP Proxy
[2019-11-06 10:27:55.351] [INFO ] [main] com.ulisesbocchio.jasyptspringboot.EncryptablePropertySourceConverter.makeEncryptable:38 Converting PropertySource Inlined Test Properties [org.springframework.core.env.MapPropertySource] to EncryptableMapPropertySourceWrapper
[2019-11-06 10:27:55.351] [INFO ] [main] com.ulisesbocchio.jasyptspringboot.EncryptablePropertySourceConverter.makeEncryptable:38 Converting PropertySource systemProperties [org.springframework.core.env.PropertiesPropertySource] to EncryptableMapPropertySourceWrapper
[2019-11-06 10:27:55.352] [INFO ] [main] com.ulisesbocchio.jasyptspringboot.EncryptablePropertySourceConverter.makeEncryptable:38 Converting PropertySource systemEnvironment [org.springframework.boot.env.SystemEnvironmentPropertySourceEnvironmentPostProcessor$OriginAwareSystemEnvironmentPropertySource] to EncryptableMapPropertySourceWrapper
[2019-11-06 10:27:55.352] [INFO ] [main] com.ulisesbocchio.jasyptspringboot.EncryptablePropertySourceConverter.makeEncryptable:38 Converting PropertySource random [org.springframework.boot.env.RandomValuePropertySource] to EncryptablePropertySourceWrapper
[2019-11-06 10:27:55.352] [INFO ] [main] com.ulisesbocchio.jasyptspringboot.EncryptablePropertySourceConverter.makeEncryptable:38 Converting PropertySource applicationConfig: [classpath:/application.properties] [org.springframework.boot.env.OriginTrackedMapPropertySource] to EncryptableMapPropertySourceWrapper
[2019-11-06 10:27:55.424] [INFO ] [main] com.ulisesbocchio.jasyptspringboot.filter.DefaultLazyPropertyFilter.lambda$null$2:31 Property Filter custom Bean not found with name 'encryptablePropertyFilter'. Initializing Default Property Filter
[2019-11-06 10:27:55.562] [INFO ] [main] org.springframework.context.support.PostProcessorRegistrationDelegate$BeanPostProcessorChecker.postProcessAfterInitialization:330 Bean 'org.springframework.transaction.annotation.ProxyTransactionManagementConfiguration' of type [org.springframework.transaction.annotation.ProxyTransactionManagementConfiguration$$EnhancerBySpringCGLIB$$76004c74] is not eligible for getting processed by all BeanPostProcessors (for example: not eligible for auto-proxying)
[2019-11-06 10:27:55.982] [INFO ] [main] com.ulisesbocchio.jasyptspringboot.resolver.DefaultLazyPropertyResolver.lambda$null$2:31 Property Resolver custom Bean not found with name 'encryptablePropertyResolver'. Initializing Default Property Resolver
[2019-11-06 10:27:55.985] [INFO ] [main] com.ulisesbocchio.jasyptspringboot.detector.DefaultLazyPropertyDetector.lambda$null$2:30 Property Detector custom Bean not found with name 'encryptablePropertyDetector'. Initializing Default Property Detector
[2019-11-06 10:27:55.988] [INFO ] [main] com.ulisesbocchio.jasyptspringboot.encryptor.DefaultLazyEncryptor.lambda$null$2:32 String Encryptor custom Bean not found with name 'jasyptStringEncryptor'. Initializing Default String Encryptor
[2019-11-06 10:27:56.002] [INFO ] [main] com.ulisesbocchio.jasyptspringboot.encryptor.DefaultLazyEncryptor.getProperty:58 Encryptor config not found for property jasypt.encryptor.algorithm, using default value: PBEWithMD5AndDES
[2019-11-06 10:27:56.002] [INFO ] [main] com.ulisesbocchio.jasyptspringboot.encryptor.DefaultLazyEncryptor.getProperty:58 Encryptor config not found for property jasypt.encryptor.keyObtentionIterations, using default value: 1000
[2019-11-06 10:27:56.003] [INFO ] [main] com.ulisesbocchio.jasyptspringboot.encryptor.DefaultLazyEncryptor.getProperty:58 Encryptor config not found for property jasypt.encryptor.poolSize, using default value: 1
[2019-11-06 10:27:56.003] [INFO ] [main] com.ulisesbocchio.jasyptspringboot.encryptor.DefaultLazyEncryptor.getProperty:58 Encryptor config not found for property jasypt.encryptor.providerName, using default value: null
[2019-11-06 10:27:56.004] [INFO ] [main] com.ulisesbocchio.jasyptspringboot.encryptor.DefaultLazyEncryptor.getProperty:58 Encryptor config not found for property jasypt.encryptor.providerClassName, using default value: null
[2019-11-06 10:27:56.004] [INFO ] [main] com.ulisesbocchio.jasyptspringboot.encryptor.DefaultLazyEncryptor.getProperty:58 Encryptor config not found for property jasypt.encryptor.saltGeneratorClassname, using default value: org.jasypt.salt.RandomSaltGenerator
[2019-11-06 10:27:56.021] [INFO ] [main] com.ulisesbocchio.jasyptspringboot.encryptor.DefaultLazyEncryptor.getProperty:58 Encryptor config not found for property jasypt.encryptor.stringOutputType, using default value: base64
[2019-11-06 10:27:56.359] [INFO ] [main] com.zaxxer.hikari.HikariDataSource.getConnection:110 HikariPool-1 - Starting...
[2019-11-06 10:27:56.646] [INFO ] [main] com.zaxxer.hikari.HikariDataSource.getConnection:123 HikariPool-1 - Start completed.
[2019-11-06 10:27:56.748] [INFO ] [main] org.hibernate.jpa.internal.util.LogHelper.logPersistenceUnitInformation:31 HHH000204: Processing PersistenceUnitInfo [
	name: default
	...]
[2019-11-06 10:27:56.902] [INFO ] [main] org.hibernate.Version.logVersion:46 HHH000412: Hibernate Core {5.3.10.Final}
[2019-11-06 10:27:56.903] [INFO ] [main] org.hibernate.cfg.Environment.<clinit>:213 HHH000206: hibernate.properties not found
[2019-11-06 10:27:57.189] [INFO ] [main] org.hibernate.annotations.common.Version.<clinit>:49 HCANN000001: Hibernate Commons Annotations {5.0.4.Final}
[2019-11-06 10:27:57.439] [INFO ] [main] org.hibernate.dialect.Dialect.<init>:157 HHH000400: Using dialect: org.hibernate.dialect.MySQL5InnoDBDialect
[2019-11-06 10:27:58.420] [INFO ] [main] org.springframework.orm.jpa.LocalContainerEntityManagerFactoryBean.buildNativeEntityManagerFactory:415 Initialized JPA EntityManagerFactory for persistence unit 'default'
[2019-11-06 10:27:59.019] [INFO ] [main] org.hibernate.hql.internal.QueryTranslatorFactoryInitiator.initiateService:47 HHH000397: Using ASTQueryTranslatorFactory
[2019-11-06 10:27:59.824] [WARN ] [main] org.springframework.boot.autoconfigure.orm.jpa.JpaBaseConfiguration$JpaWebConfiguration$JpaWebMvcConfiguration.openEntityManagerInViewInterceptor:225 spring.jpa.open-in-view is enabled by default. Therefore, database queries may be performed during view rendering. Explicitly configure spring.jpa.open-in-view to disable this warning
[2019-11-06 10:28:00.116] [INFO ] [main] springfox.documentation.spring.web.PropertySourcedRequestMappingHandlerMapping.initHandlerMethods:69 Mapped URL path [/v2/api-docs] onto method [public org.springframework.http.ResponseEntity<springfox.documentation.spring.web.json.Json> springfox.documentation.swagger2.web.Swagger2Controller.getDocumentation(java.lang.String,javax.servlet.http.HttpServletRequest)]
[2019-11-06 10:28:00.842] [INFO ] [main] org.springframework.scheduling.concurrent.ThreadPoolTaskExecutor.initialize:171 Initializing ExecutorService 'applicationTaskExecutor'
[2019-11-06 10:28:01.264] [INFO ] [main] org.springframework.scheduling.concurrent.ThreadPoolTaskScheduler.initialize:171 Initializing ExecutorService 'taskScheduler'
[2019-11-06 10:28:01.341] [INFO ] [main] springfox.documentation.spring.web.plugins.DocumentationPluginsBootstrapper.start:160 Context refreshed
[2019-11-06 10:28:01.375] [INFO ] [main] springfox.documentation.spring.web.plugins.DocumentationPluginsBootstrapper.start:163 Found 1 custom documentation plugin(s)
[2019-11-06 10:28:01.409] [INFO ] [main] springfox.documentation.spring.web.scanners.ApiListingReferenceScanner.scan:41 Scanning for api listing references
[2019-11-06 10:28:01.664] [INFO ] [scheduling-1] com.shier.common.boot.jpa.schedule.SignSchedule.reportCurrentTime:42 每隔小时执行一次,当前时间为time:2019-11-06 10:28:01
[2019-11-06 10:28:01.666] [INFO ] [main] com.shier.common.boot.jpa.user.UserTest.logStarted:59 Started UserTest in 28.353 seconds (JVM running for 29.664)
[2019-11-06 10:28:01.890] [INFO ] [main] com.shier.common.boot.jpa.user.UserTest.selectPageCondition:78 ********totalPage:0,totalSize:0
[2019-11-06 10:28:01.907] [INFO ] [Thread-2] org.springframework.scheduling.concurrent.ThreadPoolTaskScheduler.shutdown:208 Shutting down ExecutorService 'taskScheduler'
[2019-11-06 10:28:01.909] [INFO ] [Thread-2] org.springframework.scheduling.concurrent.ThreadPoolTaskExecutor.shutdown:208 Shutting down ExecutorService 'applicationTaskExecutor'
[2019-11-06 10:28:01.913] [INFO ] [Thread-2] org.springframework.orm.jpa.LocalContainerEntityManagerFactoryBean.destroy:597 Closing JPA EntityManagerFactory for persistence unit 'default'
[2019-11-06 10:28:01.918] [INFO ] [Thread-2] com.zaxxer.hikari.HikariDataSource.close:350 HikariPool-1 - Shutdown initiated...
[2019-11-06 10:28:01.925] [INFO ] [Thread-2] com.zaxxer.hikari.HikariDataSource.close:352 HikariPool-1 - Shutdown completed.
